<?xml version="1.0" encoding="UTF-8"?>
<!-- Generated by org.testng.reporters.JUnitXMLReporter -->
<testsuite hostname="DRN" ignored="1" name="Test" tests="4" failures="0" timestamp="13 Feb 2018 05:06:10 GMT" time="20.426" errors="0">
  <testcase name="loginTest" time="0.009" classname="testng.org.TestCase1"/>
  <testcase name="test1" time="0.001" classname="command.org.HelloTesters"/>
  <testcase name="composeMail" time="0.001" classname="testng.org.TestCase2"/>
  <testcase name="actionsClass" time="20.391" classname="command.org.ActionsClass"/>
  <testcase name="scrollDown" time="0.0" classname="command.org.HandleScroll">
    <ignored/>
  </testcase> <!-- scrollDown -->
</testsuite> <!-- Test -->
